<?xml version="1.0" encoding="UTF-8"?>
<!-- Generated by org.testng.reporters.JUnitReportReporter -->
<testsuite hostname="gaggarwal-ltm" name="com.hellofresh.challenge.WebTest" tests="6" failures="0" timestamp="7 Feb 2020 16:20:26 GMT" time="190.273" errors="0">
  <testcase name="logInTest" time="24.468" classname="com.hellofresh.challenge.WebTest"/>
  <testcase name="checkoutTest" time="44.283" classname="com.hellofresh.challenge.WebTest"/>
  <testcase name="signInTest" time="29.729" classname="com.hellofresh.challenge.WebTest"/>
  <testcase name="logInTest" time="18.073" classname="com.hellofresh.challenge.WebTest"/>
  <testcase name="checkoutTest" time="45.452" classname="com.hellofresh.challenge.WebTest"/>
  <testcase name="signInTest" time="28.268" classname="com.hellofresh.challenge.WebTest"/>
</testsuite> <!-- com.hellofresh.challenge.WebTest -->
